{"/Users/pedroteixeira/projects/pipe-channels/index.js":{"path":"/Users/pedroteixeira/projects/pipe-channels/index.js","s":{"1":1,"2":1},"b":{},"f":{},"fnMap":{},"statementMap":{"1":{"start":{"line":1,"column":0},"end":{"line":1,"column":43}},"2":{"start":{"line":2,"column":0},"end":{"line":2,"column":43}}},"branchMap":{}},"/Users/pedroteixeira/projects/pipe-channels/server.js":{"path":"/Users/pedroteixeira/projects/pipe-channels/server.js","s":{"1":1,"2":1,"3":1,"4":1,"5":1,"6":1,"7":1,"8":1,"9":1,"10":2,"11":2,"12":2,"13":1,"14":2,"15":2,"16":2,"17":2,"18":1,"19":1,"20":1,"21":1,"22":1,"23":1,"24":1,"25":1,"26":1,"27":0,"28":0},"b":{"1":[0,0,0],"2":[0,0,0]},"f":{"1":1,"2":2,"3":2,"4":1,"5":1,"6":0},"fnMap":{"1":{"name":"createChannel","line":7,"loc":{"start":{"line":7,"column":0},"end":{"line":7,"column":25}}},"2":{"name":"onConnection","line":12,"loc":{"start":{"line":12,"column":2},"end":{"line":12,"column":44}}},"3":{"name":"onChannelRequest","line":17,"loc":{"start":{"line":17,"column":4},"end":{"line":17,"column":39}}},"4":{"name":"grant","line":29,"loc":{"start":{"line":29,"column":4},"end":{"line":29,"column":21}}},"5":{"name":"deny","line":36,"loc":{"start":{"line":36,"column":4},"end":{"line":36,"column":25}}},"6":{"name":"warnError","line":44,"loc":{"start":{"line":44,"column":0},"end":{"line":44,"column":24}},"skip":true}},"statementMap":{"1":{"start":{"line":1,"column":0},"end":{"line":1,"column":53}},"2":{"start":{"line":2,"column":0},"end":{"line":2,"column":27}},"3":{"start":{"line":3,"column":0},"end":{"line":3,"column":36}},"4":{"start":{"line":5,"column":0},"end":{"line":5,"column":31}},"5":{"start":{"line":7,"column":0},"end":{"line":41,"column":1}},"6":{"start":{"line":8,"column":2},"end":{"line":8,"column":26}},"7":{"start":{"line":9,"column":2},"end":{"line":9,"column":40}},"8":{"start":{"line":10,"column":2},"end":{"line":10,"column":16}},"9":{"start":{"line":12,"column":2},"end":{"line":40,"column":3}},"10":{"start":{"line":13,"column":4},"end":{"line":13,"column":33}},"11":{"start":{"line":14,"column":4},"end":{"line":14,"column":54}},"12":{"start":{"line":15,"column":4},"end":{"line":15,"column":48}},"13":{"start":{"line":17,"column":4},"end":{"line":27,"column":5}},"14":{"start":{"line":18,"column":6},"end":{"line":18,"column":59}},"15":{"start":{"line":19,"column":6},"end":{"line":23,"column":8}},"16":{"start":{"line":25,"column":6},"end":{"line":25,"column":32}},"17":{"start":{"line":26,"column":6},"end":{"line":26,"column":38}},"18":{"start":{"line":29,"column":4},"end":{"line":34,"column":5}},"19":{"start":{"line":30,"column":6},"end":{"line":30,"column":29}},"20":{"start":{"line":31,"column":6},"end":{"line":31,"column":46}},"21":{"start":{"line":32,"column":6},"end":{"line":32,"column":48}},"22":{"start":{"line":33,"column":6},"end":{"line":33,"column":44}},"23":{"start":{"line":36,"column":4},"end":{"line":39,"column":5}},"24":{"start":{"line":37,"column":6},"end":{"line":37,"column":39}},"25":{"start":{"line":38,"column":6},"end":{"line":38,"column":49}},"26":{"start":{"line":44,"column":0},"end":{"line":47,"column":1},"skip":true},"27":{"start":{"line":45,"column":2},"end":{"line":45,"column":73},"skip":true},"28":{"start":{"line":46,"column":2},"end":{"line":46,"column":39},"skip":true}},"branchMap":{"1":{"line":45,"type":"binary-expr","locations":[{"start":{"line":45,"column":13},"end":{"line":45,"column":25},"skip":true},{"start":{"line":45,"column":29},"end":{"line":45,"column":42},"skip":true},{"start":{"line":45,"column":46},"end":{"line":45,"column":57},"skip":true}]},"2":{"line":46,"type":"binary-expr","locations":[{"start":{"line":46,"column":6},"end":{"line":46,"column":15},"skip":true},{"start":{"line":46,"column":19},"end":{"line":46,"column":30},"skip":true},{"start":{"line":46,"column":34},"end":{"line":46,"column":37},"skip":true}]}}},"/Users/pedroteixeira/projects/pipe-channels/client.js":{"path":"/Users/pedroteixeira/projects/pipe-channels/client.js","s":{"1":1,"2":1,"3":1,"4":1,"5":1,"6":1,"7":1,"8":1,"9":1,"10":1,"11":1,"12":1,"13":1,"14":1,"15":1,"16":2,"17":2,"18":2,"19":2,"20":1,"21":2,"22":2,"23":2,"24":2,"25":1,"26":1,"27":1,"28":2,"29":2,"30":2,"31":1,"32":1,"33":1,"34":1,"35":1,"36":1},"b":{"1":[1,1],"2":[1,1]},"f":{"1":1,"2":2,"3":2,"4":2,"5":1},"fnMap":{"1":{"name":"createClient","line":12,"loc":{"start":{"line":12,"column":0},"end":{"line":12,"column":32}}},"2":{"name":"channel","line":23,"loc":{"start":{"line":23,"column":2},"end":{"line":23,"column":32}}},"3":{"name":"onNegotiationReply","line":29,"loc":{"start":{"line":29,"column":4},"end":{"line":29,"column":39}}},"4":{"name":"onConnection","line":41,"loc":{"start":{"line":41,"column":2},"end":{"line":41,"column":32}}},"5":{"name":"waitForChannel","line":51,"loc":{"start":{"line":51,"column":2},"end":{"line":51,"column":34}}}},"statementMap":{"1":{"start":{"line":1,"column":0},"end":{"line":1,"column":53}},"2":{"start":{"line":2,"column":0},"end":{"line":2,"column":30}},"3":{"start":{"line":3,"column":0},"end":{"line":3,"column":36}},"4":{"start":{"line":4,"column":0},"end":{"line":4,"column":31}},"5":{"start":{"line":6,"column":0},"end":{"line":6,"column":30}},"6":{"start":{"line":8,"column":0},"end":{"line":10,"column":2}},"7":{"start":{"line":12,"column":0},"end":{"line":55,"column":1}},"8":{"start":{"line":13,"column":2},"end":{"line":13,"column":53}},"9":{"start":{"line":14,"column":2},"end":{"line":14,"column":27}},"10":{"start":{"line":15,"column":2},"end":{"line":15,"column":38}},"11":{"start":{"line":17,"column":2},"end":{"line":17,"column":26}},"12":{"start":{"line":18,"column":2},"end":{"line":18,"column":27}},"13":{"start":{"line":19,"column":2},"end":{"line":19,"column":40}},"14":{"start":{"line":21,"column":2},"end":{"line":21,"column":16}},"15":{"start":{"line":23,"column":2},"end":{"line":39,"column":3}},"16":{"start":{"line":24,"column":4},"end":{"line":24,"column":55}},"17":{"start":{"line":25,"column":4},"end":{"line":25,"column":51}},"18":{"start":{"line":26,"column":4},"end":{"line":26,"column":56}},"19":{"start":{"line":27,"column":4},"end":{"line":27,"column":38}},"20":{"start":{"line":29,"column":4},"end":{"line":38,"column":5}},"21":{"start":{"line":30,"column":6},"end":{"line":30,"column":48}},"22":{"start":{"line":31,"column":6},"end":{"line":31,"column":25}},"23":{"start":{"line":32,"column":6},"end":{"line":32,"column":24}},"24":{"start":{"line":33,"column":6},"end":{"line":37,"column":7}},"25":{"start":{"line":34,"column":8},"end":{"line":34,"column":16}},"26":{"start":{"line":36,"column":8},"end":{"line":36,"column":31}},"27":{"start":{"line":41,"column":2},"end":{"line":49,"column":3}},"28":{"start":{"line":42,"column":4},"end":{"line":42,"column":44}},"29":{"start":{"line":43,"column":4},"end":{"line":43,"column":42}},"30":{"start":{"line":44,"column":4},"end":{"line":48,"column":5}},"31":{"start":{"line":45,"column":6},"end":{"line":45,"column":57}},"32":{"start":{"line":46,"column":6},"end":{"line":46,"column":42}},"33":{"start":{"line":47,"column":6},"end":{"line":47,"column":44}},"34":{"start":{"line":51,"column":2},"end":{"line":54,"column":3}},"35":{"start":{"line":52,"column":4},"end":{"line":52,"column":40}},"36":{"start":{"line":53,"column":4},"end":{"line":53,"column":29}}},"branchMap":{"1":{"line":33,"type":"if","locations":[{"start":{"line":33,"column":6},"end":{"line":33,"column":6}},{"start":{"line":33,"column":6},"end":{"line":33,"column":6}}]},"2":{"line":44,"type":"if","locations":[{"start":{"line":44,"column":4},"end":{"line":44,"column":4}},{"start":{"line":44,"column":4},"end":{"line":44,"column":4}}]}}}}