TN:
SF:/Users/pedroteixeira/projects/pipe-channels/index.js
FNF:0
FNH:0
DA:1,1
DA:2,1
LF:2
LH:2
BRF:0
BRH:0
end_of_record
TN:
SF:/Users/pedroteixeira/projects/pipe-channels/server.js
FN:7,createChannel
FN:12,onConnection
FN:17,onChannelRequest
FN:29,grant
FN:36,deny
FN:44,warnError
FNF:6
FNH:6
FNDA:1,createChannel
FNDA:2,onConnection
FNDA:2,onChannelRequest
FNDA:1,grant
FNDA:1,deny
FNDA:0,warnError
DA:1,1
DA:2,1
DA:3,1
DA:5,1
DA:7,1
DA:8,1
DA:9,1
DA:10,1
DA:12,1
DA:13,2
DA:14,2
DA:15,2
DA:17,1
DA:18,2
DA:19,2
DA:25,2
DA:26,2
DA:29,1
DA:30,1
DA:31,1
DA:32,1
DA:33,1
DA:36,1
DA:37,1
DA:38,1
DA:44,1
DA:45,1
DA:46,1
LF:28
LH:28
BRDA:45,1,0,0
BRDA:45,1,1,0
BRDA:45,1,2,0
BRDA:46,2,0,0
BRDA:46,2,1,0
BRDA:46,2,2,0
BRF:6
BRH:6
end_of_record
TN:
SF:/Users/pedroteixeira/projects/pipe-channels/client.js
FN:12,createClient
FN:23,channel
FN:29,onNegotiationReply
FN:41,onConnection
FN:51,waitForChannel
FNF:5
FNH:5
FNDA:1,createClient
FNDA:2,channel
FNDA:2,onNegotiationReply
FNDA:2,onConnection
FNDA:1,waitForChannel
DA:1,1
DA:2,1
DA:3,1
DA:4,1
DA:6,1
DA:8,1
DA:12,1
DA:13,1
DA:14,1
DA:15,1
DA:17,1
DA:18,1
DA:19,1
DA:21,1
DA:23,1
DA:24,2
DA:25,2
DA:26,2
DA:27,2
DA:29,1
DA:30,2
DA:31,2
DA:32,2
DA:33,2
DA:34,1
DA:36,1
DA:41,1
DA:42,2
DA:43,2
DA:44,2
DA:45,1
DA:46,1
DA:47,1
DA:51,1
DA:52,1
DA:53,1
LF:36
LH:36
BRDA:33,1,0,1
BRDA:33,1,1,1
BRDA:44,2,0,1
BRDA:44,2,1,1
BRF:4
BRH:4
end_of_record
